2021-08-31 13:00:20 INFO  class:32 - App Launched Successfully
2021-08-31 13:00:20 INFO  class:38 - Starting Checkout Scenario
2021-08-31 13:00:24 INFO  class:38 - Loggedin Successfully
2021-08-31 13:00:26 INFO  class:42 - Product Added Successfully
2021-08-31 13:00:27 INFO  class:80 - Navigated to the cart
2021-08-31 13:00:33 INFO  class:101 - Entered the checkout details
2021-08-31 13:00:38 INFO  class:131 - Your order has been dispatched, and will arrive just as fast as the pony can get there!
2021-08-31 13:00:38 INFO  class:50 - End of checkout Scenario
2021-08-31 13:00:54 INFO  class:38 - Loggedin Successfully
2021-08-31 13:00:54 INFO  class:57 - Finding the Cart Status
2021-08-31 13:01:05 INFO  class:67 - Cart Status is Empty
2021-08-31 13:01:16 INFO  class:68 - Logging in with invalid credentials
2021-08-31 13:01:30 INFO  class:43 - Username and password do not match any user in this service.
2021-08-31 13:01:46 INFO  class:38 - Loggedin Successfully
2021-08-31 13:01:46 INFO  class:77 - Logging in with Problem_User credentials
2021-08-31 13:01:58 INFO  class:48 - Bug: Could not add the product Sauce Labs Bike Light
2021-08-31 13:02:01 INFO  class:148 - Bug: Sauce Labs Bike Light- Product Name is not same in Home page and Detail Page
2021-08-31 13:02:18 INFO  class:38 - Loggedin Successfully
2021-08-31 13:02:18 INFO  class:89 - Filter Actions
2021-08-31 13:02:21 INFO  class:56 - -------------------------------------
2021-08-31 13:02:21 INFO  class:57 - Details after filtering w.r.t Name (Z to A)
2021-08-31 13:02:21 INFO  class:58 - Test.allTheThings() T-Shirt (Red) $15.99
2021-08-31 13:02:21 INFO  class:59 - Sauce Labs Onesie $7.99
2021-08-31 13:02:21 INFO  class:60 - **************************************
2021-08-31 13:02:21 INFO  class:61 - 
2021-08-31 13:02:24 INFO  class:56 - -------------------------------------
2021-08-31 13:02:24 INFO  class:57 - Details after filtering w.r.t Name (A to Z)
2021-08-31 13:02:24 INFO  class:58 - Sauce Labs Backpack $29.99
2021-08-31 13:02:24 INFO  class:59 - Sauce Labs Bike Light $9.99
2021-08-31 13:02:24 INFO  class:60 - **************************************
2021-08-31 13:02:24 INFO  class:61 - 
2021-08-31 13:02:27 INFO  class:56 - -------------------------------------
2021-08-31 13:02:27 INFO  class:57 - Details after filtering w.r.t Price (low to high)
2021-08-31 13:02:27 INFO  class:58 - Sauce Labs Onesie $7.99
2021-08-31 13:02:27 INFO  class:59 - Sauce Labs Bike Light $9.99
2021-08-31 13:02:27 INFO  class:60 - **************************************
2021-08-31 13:02:27 INFO  class:61 - 
2021-08-31 13:02:30 INFO  class:56 - -------------------------------------
2021-08-31 13:02:30 INFO  class:57 - Details after filtering w.r.t Price (high to low)
2021-08-31 13:02:30 INFO  class:58 - Sauce Labs Fleece Jacket $49.99
2021-08-31 13:02:30 INFO  class:59 - Sauce Labs Backpack $29.99
2021-08-31 13:02:30 INFO  class:60 - **************************************
2021-08-31 13:02:30 INFO  class:61 - 
2021-08-31 13:02:56 INFO  class:61 - Sorry, this user has been locked out.
2021-08-31 13:03:14 INFO  class:111 - Performing Menu Actions
2021-08-31 13:04:15 INFO  class:42 - Product Added Successfully
2021-08-31 13:04:15 INFO  class:80 - Navigated to the cart
2021-08-31 13:04:17 INFO  class:159 - Product removed successfully from the cart
2021-08-31 13:04:19 INFO  class:145 - Driver Quit
